2026-06-10 15:41:33 778533 [INFO] 异步日志已启用，配置文件 "/home/zcx/.zcx/log.ini" 加载成功
2026-06-10 15:42:19 778688 [INFO] 异步日志已启用，配置文件 "/home/zcx/.zcx/log.ini" 加载成功
2026-06-10 15:42:19 778688 [ERROR] 命令行参数错误，请查看使用说明：
2026-06-10 15:42:38 778738 [INFO] 异步日志已启用，配置文件 "/home/zcx/.zcx/log.ini" 加载成功
2026-06-10 15:43:23 778809 [INFO] 异步日志已启用，配置文件 "/home/zcx/.zcx/log.ini" 加载成功
2026-06-10 15:43:23 778809 [ERROR] 命令行参数错误，请查看使用说明：
2026-06-10 15:44:49 779031 [INFO] 异步日志已启用，配置文件 "/home/zcx/.zcx/log.ini" 加载成功
2026-06-10 15:44:49 779031 [INFO] 已插入数据，ID: 6a2915f175b563875f7008e9
2026-06-10 15:49:00 779699 [INFO] 异步日志已启用，配置文件 "/home/zcx/.zcx/log.ini" 加载成功
2026-06-10 15:49:00 779699 [ERROR] 命令行参数错误，请查看使用说明：
2026-06-10 15:51:19 780000 [INFO] 异步日志已启用，配置文件 "/home/zcx/.zcx/log.ini" 加载成功
2026-06-10 15:51:19 780000 [ERROR] 命令行参数错误，请查看使用说明：
2026-06-10 15:51:25 780036 [INFO] 异步日志已启用，配置文件 "/home/zcx/.zcx/log.ini" 加载成功
2026-06-10 15:51:25 780036 [ERROR] 命令行参数错误，请查看使用说明：
2026-06-10 15:51:45 780101 [INFO] 异步日志已启用，配置文件 "/home/zcx/.zcx/log.ini" 加载成功
2026-06-10 15:51:45 780101 [INFO] 以下数据已查询：
2026-06-10 15:51:45 780101 [INFO] {'_id': ObjectId('6a2915f175b563875f7008e9'), 'name': 'John', 'age': 30, 'city': 'New York'}
2026-06-10 15:59:33 783229 [INFO] 异步日志已启用，配置文件 "/home/zcx/.zcx/log.ini" 加载成功
2026-06-10 15:59:33 783229 [ERROR] 命令行参数错误，请查看使用说明：
2026-06-10 16:26:15 788282 [INFO] 异步日志已启用，配置文件 "/home/zcx/.zcx/log.ini" 加载成功
2026-06-10 16:26:15 788282 [ERROR] 命令行参数错误，请查看使用说明：
